e:\c_c++\c++\download\x64\release\download.bsc
e:\c_c++\c++\download\download\x64\release\vc140.pdb
e:\c_c++\c++\download\download\x64\release\config.sbr
e:\c_c++\c++\download\download\x64\release\main.sbr
e:\c_c++\c++\download\download\x64\release\stdafx.sbr
e:\c_c++\c++\download\download\x64\release\urlmysql.sbr
e:\c_c++\c++\download\download\x64\release\urloper.sbr
e:\c_c++\c++\download\download\x64\release\xunlei.sbr
e:\c_c++\c++\download\download\x64\release\xunlei.obj
e:\c_c++\c++\download\download\x64\release\urloper.obj
e:\c_c++\c++\download\download\x64\release\urlmysql.obj
e:\c_c++\c++\download\download\x64\release\stdafx.obj
e:\c_c++\c++\download\download\x64\release\main.obj
e:\c_c++\c++\download\download\x64\release\config.obj
e:\c_c++\c++\download\x64\release\download.exe
e:\c_c++\c++\download\x64\release\download.pdb
e:\c_c++\c++\download\download\x64\release\download.tlog\bscmake.command.1.tlog
e:\c_c++\c++\download\download\x64\release\download.tlog\bscmake.read.1.tlog
e:\c_c++\c++\download\download\x64\release\download.tlog\bscmake.write.1.tlog
e:\c_c++\c++\download\download\x64\release\download.tlog\cl.command.1.tlog
e:\c_c++\c++\download\download\x64\release\download.tlog\cl.read.1.tlog
e:\c_c++\c++\download\download\x64\release\download.tlog\cl.write.1.tlog
e:\c_c++\c++\download\download\x64\release\download.tlog\link.command.1.tlog
e:\c_c++\c++\download\download\x64\release\download.tlog\link.read.1.tlog
e:\c_c++\c++\download\download\x64\release\download.tlog\link.write.1.tlog
