e:\c++\download\x64\debug\download.bsc
e:\c_c++\c++\download\x64\debug\download.bsc
e:\c++\download\download\x64\debug\vc140.pdb
e:\c++\download\download\x64\debug\vc140.idb
e:\c++\download\download\x64\debug\config.obj
e:\c++\download\download\x64\debug\urlstart.sbr
e:\c++\download\download\x64\debug\urlmysql.sbr
e:\c++\download\download\x64\debug\urlfile.sbr
e:\c++\download\download\x64\debug\main.sbr
e:\c++\download\download\x64\debug\config.sbr
e:\c++\download\download\x64\debug\main.obj
e:\c++\download\download\x64\debug\urlfile.obj
e:\c++\download\download\x64\debug\urlmysql.obj
e:\c++\download\download\x64\debug\urlstart.obj
e:\c++\download\download\x64\debug\xunlei.sbr
e:\c++\download\download\x64\debug\urloper.sbr
e:\c++\download\download\x64\debug\stdafx.sbr
e:\c++\download\download\x64\debug\stdafx.obj
e:\c++\download\download\x64\debug\urloper.obj
e:\c++\download\download\x64\debug\xunlei.obj
e:\c_c++\c++\download\download\x64\debug\vc140.pdb
e:\c_c++\c++\download\download\x64\debug\vc140.idb
e:\c_c++\c++\download\download\x64\debug\xunlei.sbr
e:\c_c++\c++\download\download\x64\debug\urloper.sbr
e:\c_c++\c++\download\download\x64\debug\urlmysql.sbr
e:\c_c++\c++\download\download\x64\debug\stdafx.sbr
e:\c_c++\c++\download\download\x64\debug\main.sbr
e:\c_c++\c++\download\download\x64\debug\config.sbr
e:\c_c++\c++\download\download\x64\debug\config.obj
e:\c_c++\c++\download\download\x64\debug\main.obj
e:\c_c++\c++\download\download\x64\debug\stdafx.obj
e:\c_c++\c++\download\download\x64\debug\urlmysql.obj
e:\c_c++\c++\download\download\x64\debug\urloper.obj
e:\c_c++\c++\download\download\x64\debug\xunlei.obj
e:\c++\download\x64\debug\download.ilk
e:\c++\download\x64\debug\download.exe
e:\c++\download\x64\debug\download.pdb
e:\c_c++\c++\download\x64\debug\download.ilk
e:\c_c++\c++\download\x64\debug\download.exe
e:\c_c++\c++\download\x64\debug\download.pdb
e:\c_c++\c++\download\download\x64\debug\urlfile.obj
e:\c_c++\c++\download\download\x64\debug\urlstart.obj
e:\c_c++\c++\download\download\x64\debug\urlfile.sbr
e:\c_c++\c++\download\download\x64\debug\urlstart.sbr
e:\c_c++\c++\download\download\x64\debug\download.tlog\bscmake.command.1.tlog
e:\c_c++\c++\download\download\x64\debug\download.tlog\bscmake.read.1.tlog
e:\c_c++\c++\download\download\x64\debug\download.tlog\bscmake.write.1.tlog
e:\c_c++\c++\download\download\x64\debug\download.tlog\cl.command.1.tlog
e:\c_c++\c++\download\download\x64\debug\download.tlog\cl.read.1.tlog
e:\c_c++\c++\download\download\x64\debug\download.tlog\cl.write.1.tlog
e:\c_c++\c++\download\download\x64\debug\download.tlog\link.command.1.tlog
e:\c_c++\c++\download\download\x64\debug\download.tlog\link.read.1.tlog
e:\c_c++\c++\download\download\x64\debug\download.tlog\link.write.1.tlog
